return {
  -- Diagnostics
  {
    "neovim/nvim-lspconfig",
    opts = {
      servers = {
        svelte = {},
      },
    },
  },
  -- Install additional tools
  {
    "williamboman/mason.nvim",
    opts = function(_, opts)
      vim.list_extend(opts.ensure_installed, {
        "svelte-language-server",
      })
    end,
  },
  -- Syntaxhighlight
  {
    "nvim-treesitter/nvim-treesitter",
    opts = function(_, opts)
      if type(opts.ensure_installed) == "table" then
        vim.list_extend(opts.ensure_installed, { "svelte" })
      end
    end,
  },
}
